2024/07/05 19:12:16 main.go:34: Server started on :8080
2024/07/05 19:14:45 main.go:37: Server started on :8080
2024/07/05 19:15:12 main.go:39: Server started on :8080
2024/07/05 19:15:33 main.go:125: Client closed connection
2024/07/05 19:17:54 main.go:39: Server started on :8080
2024/07/05 19:19:14 main.go:159: Random Text: JuVDinVXwHSEvaTFJQiAIfHUkiRETJRBRvLlrTXsArcmPNiEPLWeNBuBarMEXnkLqTeSSSHxQGTxBHFRnqDJzGVLRJfxgsIrWLkK
2024/07/05 19:19:14 main.go:43: Server started on :8080
2024/07/05 19:19:34 main.go:126: Client closed connection
2024/07/05 19:20:36 main.go:171: Random Text: WCsBuuBFGvSlpZsTfTSXjkdSxOSSwMePkRMXZyiyaakWCXFikjICTCTJdKWJenUVTgKyuVtaEVqsVulDSmGKYOKQRWkkCfaMLrzv
2024/07/05 19:20:36 main.go:43: Server started on :8080
2024/07/05 19:20:46 main.go:138: Client closed connection
2024/07/05 19:21:06 main.go:171: Random Text: qktHdTXSBRdoXcxEsAzzDNrxFnLaMsbvatjDdktxfuXWLusrpiXIYDNpjjPFmpIZwGbvETzVqPqmoWiaWYamBQjGNxsPTwlZHiMp
2024/07/05 19:21:06 main.go:43: Server started on :8080
2024/07/05 19:22:45 main.go:166: Random Text: amuycVKgyWZSWSQKaBxwvhYznCMrntcOUrVmJGgngPDdrPhzMUbPmFXKsdITFAIUxFsCjzFTsPgaSQvKtJyfTcGgzrPyufsWGwkG
2024/07/05 19:22:45 main.go:42: Server started on :8080
2024/07/05 19:22:50 main.go:166: Random Text: xCNOONyXrWXTcZJKtgUoNhDtPiMDgApvUxcyliSYLWAELuGfNmZBSMkNSAmfIKdyHkWKJOmOpbDliPoMPbUVWxXWMOjUShkwzHIw
2024/07/05 19:22:51 main.go:133: Client closed connection
2024/07/05 19:22:55 main.go:166: Random Text: MhmwsNvXHvkFgYeYSJUjKAXGeeykObxnMvQEYtvHmNcQrRISAoucGDpQGfWJiGOEmdAEhmkymglISXZkYzCMWSjNgwtPXkTNOicj
2024/07/05 19:23:00 main.go:166: Random Text: nYeKumjFlLAHMceqtlntmSHvGOBtyFxvInIzuphvyLkozBMeZDmBzUWqHLSKUSJamWSioMjTNxByYkgFnxuPxEetbyDGuohPSLsT
2024/07/05 19:23:05 main.go:166: Random Text: DhYaYmWtkkYqlFNfDTbaYtIshNpIBHsCfekCfoGJvOkSXeCNwPcCpQPloiPHGTbsMUyqdKUeKsJmrruLSjnMMJaFmAOFzdbSfZCK
2024/07/05 19:23:10 main.go:166: Random Text: nzQElwNKFmMHkRvPXHzOxPibVbPErDhrLnuQmvleKmXaiiVYroljYbVUpruLHSizIXtXLBaTrxRbOaQMGotvulTAjqkRrzKQdTdi
2024/07/05 19:23:15 main.go:166: Random Text: xSGCTRGILPNMSitIMbulyPnmEzrTZFkIPijXuomNbMYTbwKjoenZvuyhmzVSYYjxlEJpqdiszVJJcEHpLqNtgHqgPDZwFFAiKzlm
2024/07/05 19:23:20 main.go:166: Random Text: pwDAARmHfSEuYwoerUXENIbvkkHDUtBEsVwiSbqtNgiIneqvKuygIzRaBMkuUwnHHLjmDixMxLLctZMFoKxVYbfMRueXlWoUQGVk
2024/07/05 19:23:25 main.go:166: Random Text: LdBjAWlhXatDSHkFvspcXvndSTNhXmzbrHFWBgkfUBIZmpGFOtsJfQgTJrncezgtyPKSYRySNXYOreSTryZilSVsKRNSdIftJYpQ
2024/07/05 19:23:30 main.go:166: Random Text: eTsBsRsZxaBHaNsMECdZlUWjNlqmCUwCHcTkdJasCBCCHjSiWmvgQxuMWtisDLUGhZpubVcaiiEuPmLCGirfEHEBBnmWKtbFwpsb
2024/07/05 19:23:35 main.go:166: Random Text: tbjVRLOBptEphKbsTNvCaxcbBlAPWkeUhLHroCPQSqnCDduhRfuJJRywmafXfHFVfCgVpSYkfMtFTXayAGPnxmsdOJHcLzDzDGym
2024/07/05 19:23:40 main.go:166: Random Text: lBfFbwsSXUnYdkOPNZXRZMiSTFEDlRsKFwFZyGgvIVjnnZEICoGaDPZrwwbUWincLaVMORxYpxsGFsKJYRbRksbAaAYZkGvgzYcH
2024/07/05 19:23:45 main.go:166: Random Text: ommAwmMrEKOvMiMPUuxLTqwKiNJvdjFMSUFTlUIGCNuYRXyigOfMYTrhLujBVCXywGmCDhNEGdScZZdnZBEiwOaNJGgCLTgREBHH
2024/07/05 19:23:50 main.go:166: Random Text: WwUruVXyNRcSIGzUXiyVffjMgjwNeoYpJMNcpjhzsMCtNvIhnEFPCsEbIVVCehlLPxUxytogAWNlNaisfJWiYQPdckwVSHyanYfs
2024/07/05 19:23:55 main.go:166: Random Text: cAojrBjTFarjTUdhQHDYqNTEUTtyoKAwpKplRlbnWtpBGAfnKnTXBFxskDchThujrZJcFiTBxYHlTxfzQCyHzgEeoUCJfOlhBWho
2024/07/05 19:24:00 main.go:166: Random Text: ejfonJnlpgXaxwouYsFyxbcmQDTDbIDWNlOzVujvEZrtoiXWDdemYRKButxskGsFVUmJfaKPHmRxOwVHjTOufVigcoPEDKinZsgh
2024/07/05 19:24:05 main.go:166: Random Text: hITvhcpJdzHAMgPtNTnPupzyDXxhbLzxOgzhxvsDKfLekqNidCfMvctpnscbVcjJyYEEkvTkViXEDqoQGZGNgUsfqFVCllskneWe
2024/07/05 19:24:10 main.go:166: Random Text: XSkddNydNysEJQOnvTzLazFHyyZZGtvypanGblKpaNKsJguqgdmUzWlbWIghvnNZIhJJRPBTQCxwInHClkpCthInmCMPtzCdNOfe
2024/07/05 19:24:15 main.go:166: Random Text: MxPFxQudnhUhIqSWdEDmfpTYHwfftRdGHUcYrciGgmwylpuWkjuoFHEVLMHhaWXBZMmePyReOWkZCVHWoxdGcrWPVrblgWEiemAi
2024/07/05 19:24:20 main.go:166: Random Text: ahfeAvOwgrpozkEayPiXODwcwwYzXZGiMrQnzZPoSzxjuEHpTHmbOoJwrLmVaUjgyINZUbPneRRkZTwZZcmIFuiUXTEZBPCHSVWu
2024/07/05 19:24:25 main.go:166: Random Text: GHWlwutpISXbsjGptDRQkMkcCEUeqsmDbOLElifYthaUGuPtsAOPFSyZsmHkTmwXUYjvlJYwevbWprTSbVtOgpQlzdmFslVJuLHl
2024/07/05 19:24:30 main.go:166: Random Text: UgAFePKIiZrYpVyMhjRRtzEVHMIbWOBamUcZkelBREYMzzsOAwoxGmuHlIEVGhvwEDpPrZtXEOtlHlNvkAPdKXRNwmkPSXJbTmDB
2024/07/05 19:24:35 main.go:166: Random Text: jfmiduaYVVWXTiickbHVYJbZxbFdoQMrTxbktYfdguLPlwXCqmXGpplpkLIgXqjSsftxKDEvUlOIGSEoaFxcTjaORCrXLetAkZhI
2024/07/05 19:24:40 main.go:166: Random Text: RleAkzvlYXOjoSkNVBYbkgNLlHEayXwgIuldSSwyYyRCkOmcJZmfAYlcttkRhmGKnatrWKKpUfQUuhkBkFvBlyamWwMMBcoRxVdb
2024/07/05 19:24:45 main.go:166: Random Text: daRQPrAOYBlJrOjOwWjCftsTcMycXejlTomOPIMzmVAKZNXcyeJYmFwBPGlZXaJVecHmYQNeQXLcHVyqUgUbuAGxAojlnUyyTzOn
2024/07/05 19:24:50 main.go:166: Random Text: BTBsDViEUzEGzwtRgcmxMwmwvZmBuHOeexrItBQfqdQGvJcGheDAvkxSJfMOEcYklXauXtfhqFkZdCozFQiNcnuMshjEYtCnFQGH
2024/07/05 19:24:55 main.go:166: Random Text: QbhQDFORLqduSsqzXhshNSRGJrPXqfXowErXFcEXfkoyaaGLbvEtVCZNbZoGfXvGBKmKFUSXZmYcAqqgMZaBCNillPmpuxEuXRUR
2024/07/05 19:25:00 main.go:166: Random Text: nvNEyBzgxSnsQWDIlTLOYysQiGwrCuBvnFcGJGdTIasAjcyfihjAsOxvykAnlUyWTSrGFoyVtskuUzuMVnKNROtErxHyWgkJkhrH
2024/07/05 19:25:05 main.go:166: Random Text: bGJjTIZdOGJUATboBrjVPSIqecgvBmGkrkHmDzQvuYgbIvlSVOrcxDUyZCvlbDZupHAcfqkANLyStKDJFzAmmYiqHuLlSNHkKCQc
2024/07/05 19:25:10 main.go:166: Random Text: cKGKnfmiKJCOZAvmwOjVgOLzUUfkwrmAnlXwEXsxfQXnsXKXdTvAxBbmcqTIjZtGkEpnGECJSjMmojQuOPMkzayqQHXynYLRPwsA
2024/07/05 19:25:15 main.go:166: Random Text: VRNZrqigiBxvNjrqDXnsUrWGYdTeqteCCKWXDdFlxSEnggRwpuLWcSqKRcpGjOBxfiHimUdwmITkCiMrackrPBMyWYtfXwRjhPot
2024/07/05 19:25:20 main.go:166: Random Text: SBLzKHyjHHStSeeaAOEmpoGxeKajVOYtNQHtEFnhzZAEbEQrWjrAVHgkSsbEAePvSFeOnIpbBEGfGVnDpVkiqPCbFEdOKAAdHeae
2024/07/05 19:25:25 main.go:166: Random Text: fZgtSvSpxMNWETIlgXreRVVtjPlPewyeaAWmMKunSAdhLYJSYejRWvBqFdtVSPXZxCFsOlcUkiesvMQKUJgzndpeqEyPgdehYMtn
2024/07/05 19:25:30 main.go:166: Random Text: CUNDWwdktTjeoWBEItyIVvdXrpiojMvxniHGtjfVqpcMcRedNUJytbhtzBDeOWttpxlddFMKNjKqqiDSCSbMuORZoNCvbISAxMjy
2024/07/05 19:25:35 main.go:166: Random Text: SIZjBeZJaQrgPadokLySlzaSteCxcBIfjibqHzQXYVxSBrZCeMzxBcNgXHRaEcFFqgLejGbSLiDmJcyiaxghHJDnKHkgdamCpVCe
2024/07/05 19:25:40 main.go:166: Random Text: foHiGtCByUvksfkOtQMIVuTFhISHHSDQrYBtqmEuDojjSDhjKtBiHEHjsJgphUQdIBnoIUVgttKWKafyWHfxPfSptXgAkVMTFpOw
2024/07/05 19:25:45 main.go:166: Random Text: PwEkvikDaIiYlyXlQbmSmflmvHuEmXJdiIalMVaNqCDpNVXhLVXJAupTJgLvuhZVZrREoBLRGAsmdEBlsvaTpBsdrvFPWXzzRMjA
2024/07/05 19:25:50 main.go:166: Random Text: vUKPxxCTuVBcFZefbVnuHKNBlfpcWfHymgOBVRzzwRCiZBpEOkHAotPETYkyxsREyfhojfSXJLcUtVvGgHabIhlblfYFaxXykNwC
2024/07/05 19:25:55 main.go:166: Random Text: hKWMxsEHUxFxsYfGxFbMdtgHgBJyeocpetmxzhForFgHROjDYqhtwFcGeZyPmUPofERgleoNAWPUXacvoeDgLcjRUWAcyeLesTYc
2024/07/05 19:26:00 main.go:166: Random Text: HrHjQdxfIbzyMuNyjWZlGmziFAElpMeELCXjIWrGoyhfboXIdgTfdZzqOABoHaqeTbEovMIbYHzqvjhSdHNRMKtiYFjIjaKcopcT
2024/07/05 19:26:05 main.go:166: Random Text: nrFHMYFGLUCCEwBCAqIehRbtOpOCGTtDeBsUfhNqxkYbxcJDrRqyYIkGqhEMeZOxPuaedQUplvqIVakRrZlpARJIGDpJYiiRpSIp
2024/07/05 19:26:10 main.go:166: Random Text: bStUMjxUngqOHwJFdOACkKeckLPXaXhixfdZgJXjHpygaHSUjgjwAvnnbmMtYdfvLEtvBjzHfVhqdLLRyszLyuumgQWrqyeSHLaP
2024/07/05 19:26:15 main.go:166: Random Text: hbimUbBMFmhpPybiqMnLhaTJhRtovZpXxDEfcefozwAuWAWQTAbwNbOzoKtwePzSPwXGjolckfVvixPOIegGhHkvzdkXhAVUPtHK
2024/07/05 19:26:20 main.go:166: Random Text: cgtMSPENqsykpCeUXZeRevysVNctreJQutEKDwSPMRTPIKwNzxiktGEacJrYEYKiHiiFMgwJWihCZEhJFSDJKEcPOGsiJvMSiiTP
2024/07/05 19:26:25 main.go:166: Random Text: XAYsWwkNJFYvdmyUgFflTRpGcCKSihUSVkeMKpwaONiYqnLzVMUehIVxbiNRRjwaSrQqoxBIVAJVqKrcJWJGpRTqmTSApTuqhjvS
2024/07/05 19:26:30 main.go:166: Random Text: sIGIswGmwJoxryBiYYBJkiBMtoOvnpvAWJDOhwbkjhZwZeMjUqfQEipkoCoPuZtYalreVIaAoGXqaAQevQkvWZuKBLstBagYXfwl
2024/07/05 19:26:35 main.go:166: Random Text: WEIAfwnScLGENsZFKlnDkCBldbnMtGdIntBrcCoOheDeQJahoXGhnRvUdCECyYOIqoKQSWGIjAEbKRnvjZnTvoeQUUxicezxMrlI
2024/07/05 19:26:40 main.go:166: Random Text: brALnfzghFjjMOjvHGbUVFTATIMgigkXeHJZzazPYswIUTJrkqtrKCRSpyoWocITpcmttPFgYoehRSGnJEBTjdpCAxJadEvkDRGf
2024/07/05 19:26:45 main.go:166: Random Text: wTJcOzyKrpIxmLwhkItdkyaveuTxMJlwHNnqAqiPIANEEtVYNBxpFsGFyzwinSMHGxwlOwXNHTkSqTbazzhOEDIImRuWkuYbonBX
2024/07/05 19:26:50 main.go:166: Random Text: PoAvDwGfZXphELuTYQwqJVSfIsIcSdUAqcUgoBHeMwjMGEprTEGVfGppSgaxZbwcRWdewxAutLzOSKOvQohiqTZPokSnbzXHgNtw
2024/07/05 19:26:55 main.go:166: Random Text: dwYVIXZGzysXmigHPSopDJNbzrpnlEfTzYVRDLwiEyBpYvRvxBtyAWFxGeiZMwVLjQXnVCtzYmkYbpiWNaNBJDpfeUQJxGOnQWUj
2024/07/05 19:27:00 main.go:166: Random Text: ThZVGEhhZIYdOooMPuRPwQJvogbsOZmrZcnZWbztUsMfkkeWCqRCGOlDHJVnRCDkybksCHOCigtwFEXUMyQqkWQPmjmsReGWRaMk
2024/07/05 19:27:05 main.go:166: Random Text: dYcuhMosmXbpdBQNymKclSMThUjbSVsGaOqQIxgSazqeXHziTvOgHtwYIXanHKfxPhcXiVXlnqPsSRijJFcFrbDRiFnmDjAkVWbU
2024/07/05 19:27:10 main.go:166: Random Text: sLcSNmiyLdxJnFgIUhEDjHXaHetBEbEDjzeGtuOEwEBTzZEKTxAdPZsXScwBkVpfinDcpzsMNfdtKlLgwdQsVWdASroCuoskTYJG
2024/07/05 19:27:15 main.go:166: Random Text: zLMsjFJmTGdovUFdXSISjYxcMaRvbHGaHmCqUmxtIPYQSTyDyUidPjxDRjOXJSOLuoOwPDItjAkRRfAymxPsiGdqnhDQhwdAKBtV
2024/07/05 19:27:20 main.go:166: Random Text: vtyGTBMfGLSKpGFSDPqFwPRpXemHTcckGRpzAmjsaFDmNUuCrbEPpYzVkXXkaxxHtgibmTAvQXsaRPjCLMSRVEbzzDSUZjYmlbsu
2024/07/05 19:27:25 main.go:166: Random Text: adJnSDxKEUpZewNDTuXQSBGqxGoxGGdWSbjAmPgECNrVxjPHumdJBQyPTovEwyqwjCnHirlSxxAHUfGHaFhffgQsGKurYbGCWDlp
2024/07/05 19:27:30 main.go:166: Random Text: crxwzeXvxUiFXQXXbtXORNGAaiYTtAhdGmNenGiNyFehWJvGLgMKlTVTkaiKeaLkAFJwdQMRXinaokFwOCJyQOcTrtfceOFeykYd
2024/07/05 19:27:35 main.go:166: Random Text: MABvlUDsyDHreQXPjOLaFKrEbCCmqytefLzSDLMiQCJjSzPszKvhLlVnPKLJSxCctBwFySyKeFbtKQOnaunJQmhwLxaoRXtrWLSu
2024/07/05 19:27:40 main.go:166: Random Text: iIQBuwWBOojvRLlEBxvFmdwAsIVkwRRcJQBxypHZIOzFPNbXmwBfHEqaeGjisAjOWvCsZOJVChuNWtQKcBQTtlWWCRLvKxPzSpLt
2024/07/05 19:27:45 main.go:166: Random Text: iomCDRSmrZYTUhRXNCzRBqkmfTofuIExmyYMuIhTJhgjGWdWsOCZqOfisZuSdOzWmTnQyPxtUcyqBTPNukWaYhRMPYgUGJaELhsK
2024/07/05 19:27:50 main.go:166: Random Text: IVZFiaHwlDUimekSwnkHYHCBWctUdHCJpefXHYMFZNrBWoXDZocBJXWgnXbxukVMOriVrVVOAqKEuxRozhRDlaPXrtprkQCyeMeU
2024/07/05 19:27:55 main.go:166: Random Text: VvFEdDNeBJDAfIzezGNfVBZvchXKenyjOHYQXaTXWjpVKlLyAPpQwSKMHwwyoDiFKHEmXioUxYxvTOKRKSGTZBrtfxkFATlRWzMm
2024/07/05 19:28:00 main.go:166: Random Text: gDMBbxNaeRfjAjegdqeDoRnDtPCyyBAvCEIuZtWwFmvLaEQWWFCMwQsIgKtchKurwruHFZsTRUsEwwuhgzEiURBAufLbXDATxDHy
2024/07/05 19:28:05 main.go:166: Random Text: JknbwoKtyjuYbDIrGDFEuyelSvzCQEBFZXZlMhwQHQOyzOzdJGGJOQzrnGKBLnieExbuViPyYsDewenSJeForwWbaoqEUcXLTcYr
2024/07/05 19:28:10 main.go:166: Random Text: IZEWUjDIbpdQtSmdMwHCMotQPSayQGyPIjOFZdKnFaGpMHYgjVVzFnruRAHAYXyolJcEsgQJjJyMRmsSJaEDDrUhjwMxOlpQWekn
2024/07/05 19:28:15 main.go:166: Random Text: WnbUmPXsllWcoxzNKBxKGpfSRykTBrXyVvQPCbrGggoMeZpEnCFbdkXyyYRtpAoGCrvgHWcvUXCMsTjgwWzxutqdefgfLlNTMBRg
2024/07/05 19:28:20 main.go:166: Random Text: OtLPNTjHJoNgQRPaDtyLiTzczAZaAQJiffhloghSbCgZwLzCtqFMhHHgetzhZXvfdVbUxOONIQUVSrXGZoUZnlhnkDaSfBlLLfkM
2024/07/05 19:28:25 main.go:166: Random Text: oseeeNGKCEIptsfJYpKFPJBXgUVmWtxJkVIedJvQNSzNlcivxgJFdubHtSJrBTjVwkmDWfmwVAcBddKXrJissYpLGTuZNAIlqbdK
2024/07/05 19:28:30 main.go:166: Random Text: NMKvzkIzUQfsewIVEjiPNsllUKNmqLCkjSBoiFozLRTbPtthAOELKOvXdWIpvwNnsenUEhunaibSqfpaebukDlYybidUflWvKMBX
2024/07/05 19:28:35 main.go:166: Random Text: DDlgMMfsYCJfgnWgitldIckOqolbFihsezbOlgBCtxBdxGiBnGrZvbrDiwxxGmwQarEXAUMqkSpCmTlFEHlGtiNONffbbnnCOYzQ
2024/07/05 19:28:40 main.go:166: Random Text: RwGSniOSdIhSCrAccoTCnmMXcLzNVMkzLdUZCUCVNKmNAhqHClswhRQsPQaxAXoOzuDHjqqQVPrEeqTRKsfWgZosyLNLIjbuHGid
2024/07/05 19:28:45 main.go:166: Random Text: aGeaRtHxCLAdpkkePnvHhZCRmiaEnLrzNFSogpfLqWyWQsrKZEutCthIoiOEkZHeTXFlxYsGRAJTFPiCpAQcZSuUFksixYHoUYuz
2024/07/05 19:28:50 main.go:166: Random Text: OsDUTViriWVowfHkrMNZtFGVVwNzYjbWYGmWGKAmEkICwTLSHUTkSGMgXBUwXumkXBXmcLFenvSeiExxlYfZjzXcrXQJpXAzdEfg
2024/07/05 19:28:55 main.go:166: Random Text: RhaWgxPLTiBGIWWrTixlCjVToRxhETNJswMMhyGNetuWcriGYfdewTNCFsEsNzsIfUceQsdgQmMaIFQfzgOfhCKeOYhpiZKKKihO
2024/07/05 19:29:00 main.go:166: Random Text: eWWHAsRGDsnFVAXtpVnXgHcBCKLUDcWloXOzQXKrFYPclHaWLysAVlkrQgDfkCiwGHPcmjmpEcPJDoLjcLrOVLHnOMyqNTdkeBTu
2024/07/05 19:29:05 main.go:166: Random Text: LUFMIbgPzutOZlDGegZugfDDfemuLJqNnjwtVHvboFzRkOYmdJHUdtAtGBbUdIcYfMXJLbvIxwGAtuOaDinqcvBdZHPttqXIZtTa
2024/07/05 19:29:10 main.go:166: Random Text: XRvBjtODiOTwWTlyEkjKzbigUSXDPsSjFOnQvquNiLTGbUJbnVsqnrOSTcARVgTzgjwNjBXjLHfHYsjpXwXrxrUHnuSWyuaAmSXu
2024/07/05 19:29:15 main.go:166: Random Text: GgwDtwDOIwAdKnYTqnnphyDipSusTUXPQlhvJYgekfaUElpficNBdtvqVRHjHVvNbexnMnFosTIEnDHzqLoYgKNuJxKYmAaiOxOJ
2024/07/05 19:29:20 main.go:166: Random Text: VsXMLjIlnyCRXwXjqgEWTmwZHQVvYPxyTsKDihkVqYXEVzIMncXNTpaUlxFuKLNoVoowdNgtCUFZnPxcBbTbatSwwKktMZdzFKBm
2024/07/05 19:29:25 main.go:166: Random Text: dSRVNLUGzYPcNAwMqfcUXLmmanDrcOVOJUPxswurkVnejTvMDspNHgdVxAvrcDzyQdppahBdpIlPyxftDuYiJdtaafVXRtCTJZiC
2024/07/05 19:29:30 main.go:166: Random Text: sfEkYXBlsiFHxcnEnuQNGfXExqSeAXtjUssArXpMNBpXmEknfchvhqHCxyMlFUPBerikLWvvSLWMWzzPPcKfgIiZVIwckBAkogJk
2024/07/05 19:29:35 main.go:166: Random Text: oEZeBMNvapvTWYqZYoojAQlcvTlJaObmaWIzYNbBGcgbbAWUFMjItbPynIQWsyGQxpUhKkliZaBDzLVsFHyixeACxDvepyONTsGW
2024/07/05 19:29:40 main.go:166: Random Text: jBZwKfVNQqYEmAbwTdpTiPRvYssfyGiSjahQQJOUePzzWlwVArFJnPvNFcWisOzPZslaBCyQnPTOLxIPvZQfCiUlbkLoeBpNZROr
2024/07/05 19:29:45 main.go:166: Random Text: aAxhEtpYHOdILqSXVoIxdeVylWhraCjDdCnIYEhYXusfVZrhSXuFaHiTKvkNUTYsURLJHlwmooRMUgCIRIUIwgxGmPnuvokUzgtZ
2024/07/05 19:29:50 main.go:166: Random Text: kCyPKriDtxApLQPWcfrTTfyzrzYJLJjypovFhVOpcuqVqjWtewpQSnuLNuRWtaaGCxubbjGeNyYdMQzZHwqNWKeeaoeqPbNPHKoG
2024/07/05 19:29:55 main.go:166: Random Text: fCHqfmmlIkhChBwZxnoMwzGWOqJtztQWvVHBEwIVxraQnkIdmACuJQMtyRWBTHHLqcvsqyqFWpsZRHxgHufBgQmXsUwrAwGxfhUZ
2024/07/05 19:30:00 main.go:166: Random Text: LfwSDmHFOCOIybFmoBiPLHCHatvrAjZHGNzzpPDFDaMNkfCFPkGOmbyanEBgyUrnvKzsrQjarUoLngNaQpkwPkhFZolZeDGtKqCL
2024/07/05 19:30:05 main.go:166: Random Text: klwyFYyKLJZpDPsqkLEvTuYQHIZUdYYOrFJaWfKXzJkgRqZgHuuccDSxbHVZfQpsAGXgoodLWZlUcqvOlMOGndvDHywLQybecjXB
2024/07/05 19:30:10 main.go:166: Random Text: uQhmRcuRFfvtDVetglOUfPzXxBmUKSOwwlNgTbVgsypIpKMYrrJVrFqivMccNNIcWwFBmEWvTXHXvDFwWHTbIhQblGjKzGTftokc
2024/07/05 19:30:15 main.go:166: Random Text: uQWBbvGzCpXKZSBVePOQxIiBExyCGiEpdilUPFnfxgahEzSmfGOJBiZEtjQKPKhxXoqdOkIYeVVFJDlNADwvYgyjBGWDdqDkGxFX
2024/07/05 19:30:20 main.go:166: Random Text: LQvaVmEvCXwXpHnDgrGnywrYhtxnezhOzGbbEmenulvliKRnQtmnzKHvFfwntDLjIHWvecPbZrRLwZghRfihMcxLPZYmFkUAmeRb
2024/07/05 19:30:25 main.go:166: Random Text: xyjwgKSSkdsathlAvYPwzqSgjhroHckQUYJJYMVDwwIdSCvepYWSHEmHCldcuACHdXKoNDZAePKPBraCrwpqsYBKpkTxHlhcYbrA
2024/07/05 19:30:30 main.go:166: Random Text: APiJwXKzBNZtTeoOKUKqQnSEMmAnOytQeMbkiWyzsnmzNIcyiXrXSdKOGgxmMaHjJhxEHzKajMLMRfnWpRJKGEkGvTOXyGcqnUtB
2024/07/05 19:30:35 main.go:166: Random Text: QLTteDrlPCKlNvWhVKCvdjKxBeHBPfxdysyPJGYQCNdoJlprvHgAaRmQCIHzpkwaUckaSdZUkvhaKjXruvXurrVZOjgEcVUcgFTi
2024/07/05 19:30:40 main.go:166: Random Text: pkgnZSzdAHZoisPoiQyYaurdFXzsxELBDiunbSuIccluCByFQQCRPeviIbwTqisoLlnwsiGnXIquQVtEwjLvyyBkYgVsaHRGlVyZ
2024/07/05 19:30:45 main.go:166: Random Text: vHfpGQOYDHZzUYNPrLtDTJSvMjTKYqkcmkePUnxAMuuAhZRivSnRXiGrTuQoPvZKJRSSDXrqsJOjEMCwJmiWOYiYmTgdBdVNeyHL
2024/07/05 19:30:50 main.go:166: Random Text: uVRddeSLieHTdJiimgjgBkMPSGeLnUGOTMyBcDRmGUeDhQkCmgvgElkOqfhvlYgLKyLnFSqBrlikprwburtXoRcGuTYMDxggEEkH
2024/07/05 19:30:55 main.go:166: Random Text: fTGzGWMuoNpAsxUwyweuNbTXPEBVzcJFakwBrxbivbSgCulpsyANJtoDVvrKrNNagdlNgNfCXfxSTGrvqoxBtUdHNGDnevuihGic
2024/07/05 19:31:00 main.go:166: Random Text: WgsjdfLFFdyTawUWPJsLPJjzokbYhnZeARkNKcjXgEicPsKgxQOqHnnTUgyDcXHokYSjOnHrTtzyDNGbyUtaBShyBytPLnRiIjEf
2024/07/05 19:31:05 main.go:166: Random Text: TRNUJnPRPVXVPzHwIucAYKPqQhGQzaeIATcWshejGekaKqcmAVGfPlkOEXrcZilcvkWvTbgGlRwyDFQWsvNCKqPotvtXLlDkJWjD
2024/07/05 19:31:10 main.go:166: Random Text: steQNwUMMZKaCxGsOdJtHipJDJUQzmyXIsfNgRhOVdDJXUOzVGbvyOTnUyoSLjPNQBQmqAUTnjDKrmtlnxaoOVDSfBHRMqwJikfb
2024/07/05 19:31:15 main.go:166: Random Text: hYTkaZRGWQsQpVeLKPuFHMifDCtgCMdlpVjGEvaGWvEeEqwmTXPqaSFPuqKfiJrmMdCjgITnWMlqRDfKdfHdkUxrIsqtzJJcLXMi
2024/07/05 19:31:20 main.go:166: Random Text: vuOLJKEwukNhPasUfrMHVkFumAsoYTNklGvbWcZrKreikcdEUHLANCAZIHYtAEjJdSGOiQkvDdHKkezOAwkCrYaDlhbAkmOleBwx
2024/07/05 19:31:25 main.go:166: Random Text: PFVddSBMjMqOKIyRwOvIzrFbtDijRNvGxOGQQAgtwpDOToUAnjsxhyMtNRJOmWGDmFbNwWMlHtLaAHerMtlNYGSvBJTOcKtVnhPy
2024/07/05 19:31:30 main.go:166: Random Text: ezVltxAfozgGMkbLhdLwlpwFCUfuyfQYRkIyzLidbqvfSHlswZhxcOOewAMegVlMbzOnBtlXJngeASDZsTJrwYDQqarnzdlguhqG
2024/07/05 19:31:35 main.go:166: Random Text: BscYVPLoSmykgcKTFJAvdCeuwPdymyzPdJWllidIINpCfjPPquGLGeJmZAePPwVixeoOtSEtIoDOGLzNEFlTWdEQOMqHBoGYwpAT
2024/07/05 19:31:40 main.go:166: Random Text: uWzHeGUAkVSwrrbqNDRxXUegBtuuBEAmxgogPnelgelTEPhjFdSblcvIuCDrjXzNmqfHHFViBUMOnQTNRtjxuIvojhUcsqidJknR
2024/07/05 19:31:45 main.go:166: Random Text: nVPALWNQZtxKcuzrVMyBQBmSPxVvtEGqGAEqzfKGiLBsUJwdAfWiSPIeQmRgIWQoDLKuQMtcKeBKGqFjDGCpqmMNBOMmqBvoopLe
